<?xml version="1.0" encoding="UTF-8"?>
<!-- Generated by org.testng.reporters.JUnitReportReporter -->
<testsuite hostname="kushan" failures="0" tests="1" name="FluPkg.FluBasic" time="71.011" errors="0" timestamp="13 Dec 2018 00:48:42 GMT" skipped="0">
  <testcase classname="FluPkg.FluBasic" name="google_search" time="71.011"/>
</testsuite> <!-- FluPkg.FluBasic -->
